  [4;36;1mSQL (0.0ms)[0m   [0;1m SELECT name
 FROM sqlite_master
 WHERE type = 'table' AND NOT name = 'sqlite_sequence'
[0m
  [4;35;1mSQL (0.0ms)[0m   [0mselect sqlite_version(*)[0m
  [4;36;1mSQL (46.8ms)[0m   [0;1mCREATE TABLE "schema_migrations" ("version" varchar(255) NOT NULL) [0m
  [4;35;1mSQL (62.4ms)[0m   [0mCREATE UNIQUE INDEX "unique_schema_migrations" ON "schema_migrations" ("version")[0m
  [4;36;1mSQL (0.0ms)[0m   [0;1m SELECT name
 FROM sqlite_master
 WHERE type = 'table' AND NOT name = 'sqlite_sequence'
[0m
  [4;35;1mSQL (0.0ms)[0m   [0mSELECT version FROM schema_migrations[0m
Migrating to CreateUsers (20100802200710)
  [4;36;1mSQL (0.0ms)[0m   [0;1mCREATE TABLE "users" ("id" INTEGER PRIMARY KEY AUTOINCREMENT NOT NULL, "name" varchar(255), "email" varchar(255), "created_at" datetime, "updated_at" datetime) [0m
  [4;35;1mSQL (0.0ms)[0m   [0mINSERT INTO schema_migrations (version) VALUES ('20100802200710')[0m
  [4;36;1mSQL (0.0ms)[0m   [0;1m SELECT name
 FROM sqlite_master
 WHERE type = 'table' AND NOT name = 'sqlite_sequence'
[0m
  [4;35;1mSQL (0.0ms)[0m   [0mSELECT version FROM schema_migrations[0m
  [4;36;1mSQL (0.0ms)[0m   [0;1m SELECT name
 FROM sqlite_master
 WHERE type = 'table' AND NOT name = 'sqlite_sequence'
[0m
  [4;35;1mSQL (0.0ms)[0m   [0mPRAGMA index_list("users")[0m


Processing Rails::InfoController#properties (for 127.0.0.1 at 2010-08-02 15:08:55) [GET]
  [4;36;1mSQL (0.0ms)[0m   [0;1m SELECT name
 FROM sqlite_master
 WHERE type = 'table' AND NOT name = 'sqlite_sequence'
[0m
  [4;35;1mSQL (0.0ms)[0m   [0mSELECT version FROM schema_migrations[0m
Completed in 94ms (View: 16, DB: 0) | 200 OK [http://localhost/rails/info/properties]


Processing UsersController#index (for 127.0.0.1 at 2010-08-02 15:09:01) [GET]
  [4;36;1mUser Load (0.0ms)[0m   [0;1mSELECT * FROM "users" [0m
Rendering template within layouts/users
Rendering users/index
Completed in 1327ms (View: 1265, DB: 0) | 200 OK [http://localhost/users]


Processing UsersController#new (for 127.0.0.1 at 2010-08-02 15:10:39) [GET]
Rendering template within layouts/users
Rendering users/new
Completed in 31ms (View: 0, DB: 0) | 200 OK [http://localhost/users/new]


Processing UsersController#create (for 127.0.0.1 at 2010-08-02 15:10:52) [POST]
  Parameters: {"commit"=>"Create", "authenticity_token"=>"Y7U6XlaxcSRlo/Rfr8bwUCqwhMU5XMMsQV5K3YuXoac=", "user"=>{"name"=>"sherley mathew", "email"=>"smathew@shareone.com"}}
  [4;35;1mUser Create (0.0ms)[0m   [0mINSERT INTO "users" ("name", "created_at", "updated_at", "email") VALUES('sherley mathew', '2010-08-02 20:10:52', '2010-08-02 20:10:52', 'smathew@shareone.com')[0m
Redirected to http://localhost:3000/users/1
Completed in 94ms (DB: 0) | 302 Found [http://localhost/users]


Processing UsersController#show (for 127.0.0.1 at 2010-08-02 15:10:52) [GET]
  Parameters: {"id"=>"1"}
  [4;36;1mUser Load (0.0ms)[0m   [0;1mSELECT * FROM "users" WHERE ("users"."id" = 1) [0m
Rendering template within layouts/users
Rendering users/show
Completed in 16ms (View: 0, DB: 0) | 200 OK [http://localhost/users/1]


Processing UsersController#index (for 127.0.0.1 at 2010-08-02 15:10:54) [GET]
  [4;35;1mUser Load (0.0ms)[0m   [0mSELECT * FROM "users" [0m
Rendering template within layouts/users
Rendering users/index
Completed in 31ms (View: 16, DB: 0) | 200 OK [http://localhost/users]


Processing UsersController#show (for 127.0.0.1 at 2010-08-02 15:10:57) [GET]
  Parameters: {"id"=>"1"}
  [4;36;1mUser Load (0.0ms)[0m   [0;1mSELECT * FROM "users" WHERE ("users"."id" = 1) [0m
Rendering template within layouts/users
Rendering users/show
Completed in 31ms (View: 16, DB: 0) | 200 OK [http://localhost/users/1]


Processing UsersController#edit (for 127.0.0.1 at 2010-08-02 15:10:59) [GET]
  Parameters: {"id"=>"1"}
  [4;35;1mUser Load (0.0ms)[0m   [0mSELECT * FROM "users" WHERE ("users"."id" = 1) [0m
Rendering template within layouts/users
Rendering users/edit
Completed in 62ms (View: 31, DB: 0) | 200 OK [http://localhost/users/1/edit]


Processing UsersController#update (for 127.0.0.1 at 2010-08-02 15:11:08) [PUT]
  Parameters: {"commit"=>"Update", "authenticity_token"=>"Y7U6XlaxcSRlo/Rfr8bwUCqwhMU5XMMsQV5K3YuXoac=", "id"=>"1", "user"=>{"name"=>"Sherley Mathew", "email"=>"smathew@shareone.com"}}
  [4;36;1mUser Load (0.0ms)[0m   [0;1mSELECT * FROM "users" WHERE ("users"."id" = 1) [0m
  [4;35;1mUser Update (0.0ms)[0m   [0mUPDATE "users" SET "updated_at" = '2010-08-02 20:11:08', "name" = 'Sherley Mathew' WHERE "id" = 1[0m
Redirected to http://localhost:3000/users/1
Completed in 62ms (DB: 0) | 302 Found [http://localhost/users/1]


Processing UsersController#show (for 127.0.0.1 at 2010-08-02 15:11:09) [GET]
  Parameters: {"id"=>"1"}
  [4;36;1mUser Load (0.0ms)[0m   [0;1mSELECT * FROM "users" WHERE ("users"."id" = 1) [0m
Rendering template within layouts/users
Rendering users/show
Completed in 16ms (View: 0, DB: 0) | 200 OK [http://localhost/users/1]


Processing UsersController#index (for 127.0.0.1 at 2010-08-02 15:11:11) [GET]
  [4;35;1mUser Load (0.0ms)[0m   [0mSELECT * FROM "users" [0m
Rendering template within layouts/users
Rendering users/index
Completed in 16ms (View: 16, DB: 0) | 200 OK [http://localhost/users]
  [4;36;1mSQL (0.0ms)[0m   [0;1m SELECT name
 FROM sqlite_master
 WHERE type = 'table' AND NOT name = 'sqlite_sequence'
[0m
  [4;35;1mSQL (0.0ms)[0m   [0mSELECT version FROM schema_migrations[0m
Migrating to CreateUsers (20100802200710)
Migrating to CreateMicroposts (20100802201846)
  [4;36;1mSQL (0.0ms)[0m   [0;1mselect sqlite_version(*)[0m
  [4;35;1mSQL (15.6ms)[0m   [0mCREATE TABLE "microposts" ("id" INTEGER PRIMARY KEY AUTOINCREMENT NOT NULL, "content" varchar(255), "user_id" integer, "created_at" datetime, "updated_at" datetime) [0m
  [4;36;1mSQL (0.0ms)[0m   [0;1mINSERT INTO schema_migrations (version) VALUES ('20100802201846')[0m
  [4;35;1mSQL (0.0ms)[0m   [0m SELECT name
 FROM sqlite_master
 WHERE type = 'table' AND NOT name = 'sqlite_sequence'
[0m
  [4;36;1mSQL (0.0ms)[0m   [0;1mSELECT version FROM schema_migrations[0m
  [4;35;1mSQL (0.0ms)[0m   [0m SELECT name
 FROM sqlite_master
 WHERE type = 'table' AND NOT name = 'sqlite_sequence'
[0m
  [4;36;1mSQL (0.0ms)[0m   [0;1mPRAGMA index_list("microposts")[0m
  [4;35;1mSQL (0.0ms)[0m   [0mPRAGMA index_list("users")[0m


Processing UsersController#index (for 127.0.0.1 at 2010-08-02 15:19:40) [GET]
  [4;36;1mUser Load (0.0ms)[0m   [0;1mSELECT * FROM "users" [0m
Rendering template within layouts/users
Rendering users/index
Completed in 31ms (View: 31, DB: 0) | 200 OK [http://localhost/users]


Processing UsersController#index (for 127.0.0.1 at 2010-08-02 15:19:42) [GET]
  [4;35;1mUser Load (0.0ms)[0m   [0mSELECT * FROM "users" [0m
Rendering template within layouts/users
Rendering users/index
Completed in 16ms (View: 16, DB: 0) | 200 OK [http://localhost/users]


Processing MicropostsController#index (for 127.0.0.1 at 2010-08-02 15:19:50) [GET]
  [4;36;1mMicropost Load (0.0ms)[0m   [0;1mSELECT * FROM "microposts" [0m
Rendering template within layouts/microposts
Rendering microposts/index
Completed in 31ms (View: 16, DB: 0) | 200 OK [http://localhost/microposts]


Processing MicropostsController#new (for 127.0.0.1 at 2010-08-02 15:19:55) [GET]
Rendering template within layouts/microposts
Rendering microposts/new
Completed in 109ms (View: 109, DB: 0) | 200 OK [http://localhost/microposts/new]


Processing MicropostsController#create (for 127.0.0.1 at 2010-08-02 15:20:04) [POST]
  Parameters: {"commit"=>"Create", "micropost"=>{"user_id"=>"sherley mathew", "content"=>"testing"}, "authenticity_token"=>"Y7U6XlaxcSRlo/Rfr8bwUCqwhMU5XMMsQV5K3YuXoac="}
  [4;35;1mMicropost Create (0.0ms)[0m   [0mINSERT INTO "microposts" ("created_at", "updated_at", "user_id", "content") VALUES('2010-08-02 20:20:04', '2010-08-02 20:20:04', 0, 'testing')[0m
Redirected to http://localhost:3000/microposts/1
Completed in 94ms (DB: 0) | 302 Found [http://localhost/microposts]


Processing MicropostsController#show (for 127.0.0.1 at 2010-08-02 15:20:04) [GET]
  Parameters: {"id"=>"1"}
  [4;36;1mMicropost Load (0.0ms)[0m   [0;1mSELECT * FROM "microposts" WHERE ("microposts"."id" = 1) [0m
Rendering template within layouts/microposts
Rendering microposts/show
Completed in 31ms (View: 16, DB: 0) | 200 OK [http://localhost/microposts/1]


Processing MicropostsController#edit (for 127.0.0.1 at 2010-08-02 15:20:11) [GET]
  Parameters: {"id"=>"1"}
  [4;35;1mMicropost Load (0.0ms)[0m   [0mSELECT * FROM "microposts" WHERE ("microposts"."id" = 1) [0m
Rendering template within layouts/microposts
Rendering microposts/edit
Completed in 31ms (View: 16, DB: 0) | 200 OK [http://localhost/microposts/1/edit]


Processing MicropostsController#update (for 127.0.0.1 at 2010-08-02 15:20:14) [PUT]
  Parameters: {"commit"=>"Update", "micropost"=>{"user_id"=>"1", "content"=>"testing"}, "authenticity_token"=>"Y7U6XlaxcSRlo/Rfr8bwUCqwhMU5XMMsQV5K3YuXoac=", "id"=>"1"}
  [4;36;1mMicropost Load (0.0ms)[0m   [0;1mSELECT * FROM "microposts" WHERE ("microposts"."id" = 1) [0m
  [4;35;1mMicropost Update (0.0ms)[0m   [0mUPDATE "microposts" SET "updated_at" = '2010-08-02 20:20:14', "user_id" = 1 WHERE "id" = 1[0m
Redirected to http://localhost:3000/microposts/1
Completed in 78ms (DB: 0) | 302 Found [http://localhost/microposts/1]


Processing MicropostsController#show (for 127.0.0.1 at 2010-08-02 15:20:14) [GET]
  Parameters: {"id"=>"1"}
  [4;36;1mMicropost Load (0.0ms)[0m   [0;1mSELECT * FROM "microposts" WHERE ("microposts"."id" = 1) [0m
Rendering template within layouts/microposts
Rendering microposts/show
Completed in 16ms (View: 0, DB: 0) | 200 OK [http://localhost/microposts/1]


Processing MicropostsController#index (for 127.0.0.1 at 2010-08-02 15:20:16) [GET]
  [4;35;1mMicropost Load (0.0ms)[0m   [0mSELECT * FROM "microposts" [0m
Rendering template within layouts/microposts
Rendering microposts/index
Completed in 16ms (View: 0, DB: 0) | 200 OK [http://localhost/microposts]


Processing MicropostsController#new (for 127.0.0.1 at 2010-08-02 15:21:35) [GET]
Rendering template within layouts/microposts
Rendering microposts/new
Completed in 16ms (View: 16, DB: 0) | 200 OK [http://localhost/microposts/new]


Processing MicropostsController#create (for 127.0.0.1 at 2010-08-02 15:21:56) [POST]
  Parameters: {"commit"=>"Create", "micropost"=>{"user_id"=>"1", "content"=>"gjhsdfhdfhfg  hdhgdh dfh shghhdf dsfhdh sdfh dh dfh fgh fgh h fghfgh  gjhsdfhdfhfg  hdhgdh dfh shghhdf dsfhdh sdfh dh dfh fgh fgh h fghfgh gjhsdfhdfhfg  hdhgdh dfh shghhdf dsfhdh sdfh dh dfh fgh fgh h fghfgh "}, "authenticity_token"=>"Y7U6XlaxcSRlo/Rfr8bwUCqwhMU5XMMsQV5K3YuXoac="}
Rendering template within layouts/microposts
Rendering microposts/new
Completed in 94ms (View: 16, DB: 0) | 200 OK [http://localhost/microposts]
  [4;36;1mUser Load (0.0ms)[0m   [0;1mSELECT * FROM "users" LIMIT 1[0m
  [4;35;1mUser Load (0.0ms)[0m   [0mSELECT * FROM "users" [0m
